<?xml version="1.0" encoding="UTF-8"?>
<?xml-stylesheet type="text/xsl" href="ivy-report.xsl"?>
<ivy-report version="1.0">
	<info
		organisation="com.example"
		module="testconverter_2.10"
		revision="1.0-SNAPSHOT"
		conf="test-internal"
		confs="compile, runtime, test, provided, optional, compile-internal, runtime-internal, test-internal, plugin, sources, docs, pom"
		date="20130320163952"/>
	<dependencies>
		<module organisation="asm" name="asm-all">
			<revision name="3.1" status="release" pubdate="20080120113142" resolver="public" artresolver="public" homepage="" downloaded="false" searched="false" default="false" conf="default(compile), default, compile, runtime, master" position="35">
				<metadata-artifact status="no" details="" size="2808" time="0" location="/Users/michaelazerhad/.ivy2/cache/asm/asm-all/ivy-3.1.xml" searched="false" origin-is-local="false" origin-location="http://repo1.maven.org/maven2/asm/asm-all/3.1/asm-all-3.1.pom"/>
				<caller organisation="com.example" name="testconverter_2.10" conf="test-internal, test, optional, compile, provided, runtime" rev="3.1" rev-constraint-default="3.1" rev-constraint-dynamic="3.1" callerrev="1.0-SNAPSHOT"/>
				<artifacts>
					<artifact name="asm-all" type="jar" ext="jar" status="no" details="" size="200050" time="0" location="/Users/michaelazerhad/.ivy2/cache/asm/asm-all/jars/asm-all-3.1.jar">
						<origin-location is-local="false" location="http://repo1.maven.org/maven2/asm/asm-all/3.1/asm-all-3.1.jar"/>
					</artifact>
				</artifacts>
			</revision>
		</module>
		<module organisation="org.neo4j" name="neo4j">
			<revision name="1.9.M05" status="release" pubdate="20130306153910" resolver="Neo4j Cypher DSL Repository" artresolver="Neo4j Cypher DSL Repository" homepage="http://components.neo4j.org/${project.artifactId}/${project.version}" downloaded="false" searched="false" default="false" conf="default(compile), default, compile, runtime, master, master(*), compile(*), runtime(*)" position="23">
				<license name="GNU General Public License, Version 3" url="http://www.gnu.org/licenses/gpl-3.0-standalone.html"/>
				<metadata-artifact status="no" details="" size="18413" time="0" location="/Users/michaelazerhad/.ivy2/cache/org.neo4j/neo4j/ivy-1.9.M05.xml" searched="false" origin-is-local="false" origin-location="http://m2.neo4j.org/content/repositories/releases/org/neo4j/neo4j/1.9.M05/neo4j-1.9.M05.pom"/>
				<caller organisation="org.springframework.data" name="spring-data-neo4j" conf="default, compile, runtime, master" rev="1.8.1" rev-constraint-default="1.8.1" rev-constraint-dynamic="1.8.1" callerrev="2.2.0.RELEASE"/>
				<caller organisation="com.example" name="testconverter_2.10" conf="test-internal, test, optional, compile, provided, runtime" rev="1.9.M05" rev-constraint-default="1.9.M05" rev-constraint-dynamic="1.9.M05" callerrev="1.0-SNAPSHOT"/>
				<artifacts>
					<artifact name="neo4j" type="jar" ext="jar" status="no" details="" size="23066" time="0" location="/Users/michaelazerhad/.ivy2/cache/org.neo4j/neo4j/jars/neo4j-1.9.M05.jar">
						<origin-location is-local="false" location="http://m2.neo4j.org/content/repositories/releases/org/neo4j/neo4j/1.9.M05/neo4j-1.9.M05.jar"/>
					</artifact>
				</artifacts>
			</revision>
			<revision name="1.8.1" evicted="latest-revision" evicted-reason="" downloaded="false" searched="false" conf="compile, master(*), runtime, compile(*), runtime(*), master, default(compile)" position="-1">
				<evicted-by rev="1.9.M05"/>
				<caller organisation="org.springframework.data" name="spring-data-neo4j" conf="default, compile, runtime, master" rev="1.8.1" rev-constraint-default="1.8.1" rev-constraint-dynamic="1.8.1" callerrev="2.2.0.RELEASE"/>
				<caller organisation="com.example" name="testconverter_2.10" conf="test-internal, test, optional, compile, provided, runtime" rev="1.9.M05" rev-constraint-default="1.9.M05" rev-constraint-dynamic="1.9.M05" callerrev="1.0-SNAPSHOT"/>
				<artifacts>
				</artifacts>
			</revision>
		</module>
		<module organisation="org.neo4j" name="neo4j-jmx">
			<revision name="1.9.M05" status="release" pubdate="20130306153743" resolver="Neo4j Cypher DSL Repository" artresolver="Neo4j Cypher DSL Repository" homepage="http://components.neo4j.org/${project.artifactId}/${project.version}" downloaded="false" searched="false" default="false" conf="compile, master(*), runtime, compile(*), runtime(*), master" position="33">
				<license name="GNU General Public License, Version 3" url="http://www.gnu.org/licenses/gpl-3.0-standalone.html"/>
				<metadata-artifact status="no" details="" size="17379" time="0" location="/Users/michaelazerhad/.ivy2/cache/org.neo4j/neo4j-jmx/ivy-1.9.M05.xml" searched="false" origin-is-local="false" origin-location="http://m2.neo4j.org/content/repositories/releases/org/neo4j/neo4j-jmx/1.9.M05/neo4j-jmx-1.9.M05.pom"/>
				<caller organisation="org.neo4j" name="neo4j" conf="compile, runtime" rev="1.9.M05" rev-constraint-default="1.9.M05" rev-constraint-dynamic="1.9.M05" callerrev="1.9.M05"/>
				<artifacts>
					<artifact name="neo4j-jmx" type="jar" ext="jar" status="no" details="" size="43669" time="0" location="/Users/michaelazerhad/.ivy2/cache/org.neo4j/neo4j-jmx/jars/neo4j-jmx-1.9.M05.jar">
						<origin-location is-local="false" location="http://m2.neo4j.org/content/repositories/releases/org/neo4j/neo4j-jmx/1.9.M05/neo4j-jmx-1.9.M05.jar"/>
					</artifact>
				</artifacts>
			</revision>
		</module>
		<module organisation="org.neo4j" name="neo4j-cypher">
			<revision name="1.9.M05" status="release" pubdate="20130306153633" resolver="Neo4j Cypher DSL Repository" artresolver="Neo4j Cypher DSL Repository" homepage="http://components.neo4j.org/${project.artifactId}/${project.version}" downloaded="false" searched="false" default="false" conf="compile, master(*), runtime, compile(*), runtime(*), master" position="31">
				<license name="GNU General Public License, Version 3" url="http://www.gnu.org/licenses/gpl-3.0-standalone.html"/>
				<metadata-artifact status="no" details="" size="19072" time="0" location="/Users/michaelazerhad/.ivy2/cache/org.neo4j/neo4j-cypher/ivy-1.9.M05.xml" searched="false" origin-is-local="false" origin-location="http://m2.neo4j.org/content/repositories/releases/org/neo4j/neo4j-cypher/1.9.M05/neo4j-cypher-1.9.M05.pom"/>
				<caller organisation="org.neo4j" name="neo4j" conf="compile, runtime" rev="1.9.M05" rev-constraint-default="1.9.M05" rev-constraint-dynamic="1.9.M05" callerrev="1.9.M05"/>
				<caller organisation="org.springframework.data" name="spring-data-neo4j" conf="default, compile, runtime, master" rev="1.8.1" rev-constraint-default="1.8.1" rev-constraint-dynamic="1.8.1" callerrev="2.2.0.RELEASE"/>
				<artifacts>
					<artifact name="neo4j-cypher" type="jar" ext="jar" status="no" details="" size="4457949" time="0" location="/Users/michaelazerhad/.ivy2/cache/org.neo4j/neo4j-cypher/jars/neo4j-cypher-1.9.M05.jar">
						<origin-location is-local="false" location="http://m2.neo4j.org/content/repositories/releases/org/neo4j/neo4j-cypher/1.9.M05/neo4j-cypher-1.9.M05.jar"/>
					</artifact>
				</artifacts>
			</revision>
			<revision name="1.8.1" status="release" pubdate="20130212002042" resolver="Spring Release Repository" artresolver="Spring Release Repository" evicted="latest-revision" evicted-reason="" homepage="http://components.neo4j.org/${project.artifactId}/${project.version}" downloaded="false" searched="false" default="false" conf="compile, master(*), runtime, compile(*), runtime(*), master" position="-1">
				<license name="GNU General Public License, Version 3" url="http://www.gnu.org/licenses/gpl-3.0-standalone.html"/>
				<metadata-artifact status="no" details="" size="16325" time="0" location="/Users/michaelazerhad/.ivy2/cache/org.neo4j/neo4j-cypher/ivy-1.8.1.xml" searched="false" origin-is-local="false" origin-location="https://repo.springsource.org/libs-release/org/neo4j/neo4j-cypher/1.8.1/neo4j-cypher-1.8.1.pom"/>
				<evicted-by rev="1.9.M05"/>
				<caller organisation="org.neo4j" name="neo4j" conf="compile, runtime" rev="1.9.M05" rev-constraint-default="1.9.M05" rev-constraint-dynamic="1.9.M05" callerrev="1.9.M05"/>
				<caller organisation="org.springframework.data" name="spring-data-neo4j" conf="default, compile, runtime, master" rev="1.8.1" rev-constraint-default="1.8.1" rev-constraint-dynamic="1.8.1" callerrev="2.2.0.RELEASE"/>
				<artifacts>
				</artifacts>
			</revision>
		</module>
		<module organisation="org.neo4j" name="neo4j-graph-matching">
			<revision name="1.9.M05" status="release" pubdate="20130306153707" resolver="Neo4j Cypher DSL Repository" artresolver="Neo4j Cypher DSL Repository" homepage="http://components.neo4j.org/${project.artifactId}/${project.version}" downloaded="false" searched="false" default="false" conf="compile, master(*), runtime, compile(*), runtime(*), master" position="30">
				<license name="GNU General Public License, Version 3" url="http://www.gnu.org/licenses/gpl-3.0-standalone.html"/>
				<metadata-artifact status="no" details="" size="17385" time="0" location="/Users/michaelazerhad/.ivy2/cache/org.neo4j/neo4j-graph-matching/ivy-1.9.M05.xml" searched="false" origin-is-local="false" origin-location="http://m2.neo4j.org/content/repositories/releases/org/neo4j/neo4j-graph-matching/1.9.M05/neo4j-graph-matching-1.9.M05.pom"/>
				<caller organisation="org.neo4j" name="neo4j-cypher" conf="compile, runtime" rev="1.9.M05" rev-constraint-default="1.9.M05" rev-constraint-dynamic="1.9.M05" callerrev="1.9.M05"/>
				<caller organisation="org.neo4j" name="neo4j" conf="compile, runtime" rev="1.9.M05" rev-constraint-default="1.9.M05" rev-constraint-dynamic="1.9.M05" callerrev="1.9.M05"/>
				<artifacts>
					<artifact name="neo4j-graph-matching" type="jar" ext="jar" status="no" details="" size="56173" time="0" location="/Users/michaelazerhad/.ivy2/cache/org.neo4j/neo4j-graph-matching/jars/neo4j-graph-matching-1.9.M05.jar">
						<origin-location is-local="false" location="http://m2.neo4j.org/content/repositories/releases/org/neo4j/neo4j-graph-matching/1.9.M05/neo4j-graph-matching-1.9.M05.jar"/>
					</artifact>
				</artifacts>
			</revision>
		</module>
		<module organisation="org.neo4j" name="neo4j-udc">
			<revision name="1.9.M05" status="release" pubdate="20130306153856" resolver="Neo4j Cypher DSL Repository" artresolver="Neo4j Cypher DSL Repository" homepage="http://components.neo4j.org/${project.artifactId}/${project.version}" downloaded="false" searched="false" default="false" conf="compile, master(*), runtime, compile(*), runtime(*), master" position="29">
				<license name="GNU General Public License, Version 3" url="http://www.gnu.org/licenses/gpl-3.0-standalone.html"/>
				<metadata-artifact status="no" details="" size="18300" time="0" location="/Users/michaelazerhad/.ivy2/cache/org.neo4j/neo4j-udc/ivy-1.9.M05.xml" searched="false" origin-is-local="false" origin-location="http://m2.neo4j.org/content/repositories/releases/org/neo4j/neo4j-udc/1.9.M05/neo4j-udc-1.9.M05.pom"/>
				<caller organisation="org.neo4j" name="neo4j" conf="compile, runtime" rev="1.9.M05" rev-constraint-default="1.9.M05" rev-constraint-dynamic="1.9.M05" callerrev="1.9.M05"/>
				<artifacts>
					<artifact name="neo4j-udc" type="jar" ext="jar" status="no" details="" size="37292" time="0" location="/Users/michaelazerhad/.ivy2/cache/org.neo4j/neo4j-udc/jars/neo4j-udc-1.9.M05.jar">
						<origin-location is-local="false" location="http://m2.neo4j.org/content/repositories/releases/org/neo4j/neo4j-udc/1.9.M05/neo4j-udc-1.9.M05.jar"/>
					</artifact>
				</artifacts>
			</revision>
		</module>
		<module organisation="org.neo4j" name="neo4j-graph-algo">
			<revision name="1.9.M05" status="release" pubdate="20130306153657" resolver="Neo4j Cypher DSL Repository" artresolver="Neo4j Cypher DSL Repository" homepage="http://components.neo4j.org/${project.artifactId}/${project.version}" downloaded="false" searched="false" default="false" conf="compile, master(*), runtime, compile(*), runtime(*), master" position="28">
				<license name="GNU General Public License, Version 3" url="http://www.gnu.org/licenses/gpl-3.0-standalone.html"/>
				<metadata-artifact status="no" details="" size="17516" time="0" location="/Users/michaelazerhad/.ivy2/cache/org.neo4j/neo4j-graph-algo/ivy-1.9.M05.xml" searched="false" origin-is-local="false" origin-location="http://m2.neo4j.org/content/repositories/releases/org/neo4j/neo4j-graph-algo/1.9.M05/neo4j-graph-algo-1.9.M05.pom"/>
				<caller organisation="org.neo4j" name="neo4j-cypher" conf="compile, runtime" rev="1.9.M05" rev-constraint-default="1.9.M05" rev-constraint-dynamic="1.9.M05" callerrev="1.9.M05"/>
				<caller organisation="org.neo4j" name="neo4j" conf="compile, runtime" rev="1.9.M05" rev-constraint-default="1.9.M05" rev-constraint-dynamic="1.9.M05" callerrev="1.9.M05"/>
				<artifacts>
					<artifact name="neo4j-graph-algo" type="jar" ext="jar" status="no" details="" size="156409" time="0" location="/Users/michaelazerhad/.ivy2/cache/org.neo4j/neo4j-graph-algo/jars/neo4j-graph-algo-1.9.M05.jar">
						<origin-location is-local="false" location="http://m2.neo4j.org/content/repositories/releases/org/neo4j/neo4j-graph-algo/1.9.M05/neo4j-graph-algo-1.9.M05.jar"/>
					</artifact>
				</artifacts>
			</revision>
		</module>
		<module organisation="org.neo4j" name="neo4j-lucene-index">
			<revision name="1.9.M05" status="release" pubdate="20130306153819" resolver="Neo4j Cypher DSL Repository" artresolver="Neo4j Cypher DSL Repository" homepage="http://components.neo4j.org/${project.artifactId}/${project.version}" downloaded="false" searched="false" default="false" conf="compile, master(*), runtime, compile(*), runtime(*), master" position="26">
				<license name="GNU General Public License, Version 3" url="http://www.gnu.org/licenses/gpl-3.0-standalone.html"/>
				<metadata-artifact status="no" details="" size="18162" time="0" location="/Users/michaelazerhad/.ivy2/cache/org.neo4j/neo4j-lucene-index/ivy-1.9.M05.xml" searched="false" origin-is-local="false" origin-location="http://m2.neo4j.org/content/repositories/releases/org/neo4j/neo4j-lucene-index/1.9.M05/neo4j-lucene-index-1.9.M05.pom"/>
				<caller organisation="org.neo4j" name="neo4j-cypher" conf="compile, runtime" rev="1.9.M05" rev-constraint-default="1.9.M05" rev-constraint-dynamic="1.9.M05" callerrev="1.9.M05"/>
				<caller organisation="org.neo4j" name="neo4j" conf="compile, runtime" rev="1.9.M05" rev-constraint-default="1.9.M05" rev-constraint-dynamic="1.9.M05" callerrev="1.9.M05"/>
				<artifacts>
					<artifact name="neo4j-lucene-index" type="jar" ext="jar" status="no" details="" size="162913" time="0" location="/Users/michaelazerhad/.ivy2/cache/org.neo4j/neo4j-lucene-index/jars/neo4j-lucene-index-1.9.M05.jar">
						<origin-location is-local="false" location="http://m2.neo4j.org/content/repositories/releases/org/neo4j/neo4j-lucene-index/1.9.M05/neo4j-lucene-index-1.9.M05.jar"/>
					</artifact>
				</artifacts>
			</revision>
		</module>
		<module organisation="org.apache.lucene" name="lucene-core">
			<revision name="3.5.0" status="release" pubdate="20120531175309" resolver="Spring Release Repository" artresolver="Spring Release Repository" homepage="" downloaded="false" searched="false" default="false" conf="compile, master(*), runtime, compile(*), runtime(*), master" position="27">
				<metadata-artifact status="no" details="" size="16142" time="0" location="/Users/michaelazerhad/.ivy2/cache/org.apache.lucene/lucene-core/ivy-3.5.0.xml" searched="false" origin-is-local="false" origin-location="https://repo.springsource.org/libs-release/org/apache/lucene/lucene-core/3.5.0/lucene-core-3.5.0.pom"/>
				<caller organisation="org.neo4j" name="neo4j-lucene-index" conf="compile, runtime" rev="3.5.0" rev-constraint-default="3.5.0" rev-constraint-dynamic="3.5.0" callerrev="1.9.M05"/>
				<artifacts>
					<artifact name="lucene-core" type="jar" ext="jar" status="no" details="" size="1466301" time="0" location="/Users/michaelazerhad/.ivy2/cache/org.apache.lucene/lucene-core/jars/lucene-core-3.5.0.jar">
						<origin-location is-local="false" location="https://repo.springsource.org/libs-release/org/apache/lucene/lucene-core/3.5.0/lucene-core-3.5.0.jar"/>
					</artifact>
				</artifacts>
			</revision>
		</module>
		<module organisation="org.neo4j" name="neo4j-kernel">
			<revision name="1.9.M05" status="release" pubdate="20130306153806" resolver="Neo4j Cypher DSL Repository" artresolver="Neo4j Cypher DSL Repository" homepage="http://components.neo4j.org/${project.artifactId}/${project.version}" downloaded="false" searched="false" default="false" conf="compile, master(*), runtime, compile(*), runtime(*), master" position="24">
				<license name="GNU General Public License, Version 3" url="http://www.gnu.org/licenses/gpl-3.0-standalone.html"/>
				<metadata-artifact status="no" details="" size="21753" time="0" location="/Users/michaelazerhad/.ivy2/cache/org.neo4j/neo4j-kernel/ivy-1.9.M05.xml" searched="false" origin-is-local="false" origin-location="http://m2.neo4j.org/content/repositories/releases/org/neo4j/neo4j-kernel/1.9.M05/neo4j-kernel-1.9.M05.pom"/>
				<caller organisation="org.neo4j" name="neo4j-graph-matching" conf="compile, runtime" rev="1.9.M05" rev-constraint-default="1.9.M05" rev-constraint-dynamic="1.9.M05" callerrev="1.9.M05"/>
				<caller organisation="org.neo4j" name="neo4j-graph-algo" conf="compile, runtime" rev="1.9.M05" rev-constraint-default="1.9.M05" rev-constraint-dynamic="1.9.M05" callerrev="1.9.M05"/>
				<caller organisation="org.neo4j" name="neo4j-lucene-index" conf="compile, runtime" rev="1.9.M05" rev-constraint-default="1.9.M05" rev-constraint-dynamic="1.9.M05" callerrev="1.9.M05"/>
				<caller organisation="org.neo4j" name="neo4j-cypher" conf="compile, runtime" rev="1.9.M05" rev-constraint-default="1.9.M05" rev-constraint-dynamic="1.9.M05" callerrev="1.9.M05"/>
				<caller organisation="org.neo4j" name="neo4j" conf="compile, runtime" rev="1.9.M05" rev-constraint-default="1.9.M05" rev-constraint-dynamic="1.9.M05" callerrev="1.9.M05"/>
				<caller organisation="org.neo4j" name="neo4j-udc" conf="compile, runtime" rev="1.9.M05" rev-constraint-default="1.9.M05" rev-constraint-dynamic="1.9.M05" callerrev="1.9.M05"/>
				<artifacts>
					<artifact name="neo4j-kernel" type="jar" ext="jar" status="no" details="" size="1494461" time="0" location="/Users/michaelazerhad/.ivy2/cache/org.neo4j/neo4j-kernel/jars/neo4j-kernel-1.9.M05.jar">
						<origin-location is-local="false" location="http://m2.neo4j.org/content/repositories/releases/org/neo4j/neo4j-kernel/1.9.M05/neo4j-kernel-1.9.M05.jar"/>
					</artifact>
				</artifacts>
			</revision>
		</module>
		<module organisation="org.apache.geronimo.specs" name="geronimo-jta_1.1_spec">
			<revision name="1.1.1" status="release" pubdate="20120411111223" resolver="Spring Release Repository" artresolver="Spring Release Repository" homepage="" downloaded="false" searched="false" default="false" conf="compile, master(*), runtime, compile(*), runtime(*), master" position="25">
				<metadata-artifact status="no" details="" size="7123" time="0" location="/Users/michaelazerhad/.ivy2/cache/org.apache.geronimo.specs/geronimo-jta_1.1_spec/ivy-1.1.1.xml" searched="false" origin-is-local="false" origin-location="https://repo.springsource.org/libs-release/org/apache/geronimo/specs/geronimo-jta_1.1_spec/1.1.1/geronimo-jta_1.1_spec-1.1.1.pom"/>
				<caller organisation="org.neo4j" name="neo4j-kernel" conf="compile, runtime" rev="1.1.1" rev-constraint-default="1.1.1" rev-constraint-dynamic="1.1.1" callerrev="1.9.M05"/>
				<artifacts>
					<artifact name="geronimo-jta_1.1_spec" type="jar" ext="jar" status="no" details="" size="16030" time="0" location="/Users/michaelazerhad/.ivy2/cache/org.apache.geronimo.specs/geronimo-jta_1.1_spec/jars/geronimo-jta_1.1_spec-1.1.1.jar">
						<origin-location is-local="false" location="https://repo.springsource.org/libs-release/org/apache/geronimo/specs/geronimo-jta_1.1_spec/1.1.1/geronimo-jta_1.1_spec-1.1.1.jar"/>
					</artifact>
				</artifacts>
			</revision>
		</module>
		<module organisation="org.springframework.data" name="spring-data-neo4j">
			<revision name="2.2.0.RELEASE" status="release" pubdate="20130212172545" resolver="Spring Release Repository" artresolver="Spring Release Repository" homepage="" downloaded="false" searched="false" default="false" conf="default(compile), default, compile, runtime, master" position="18">
				<metadata-artifact status="no" details="" size="11651" time="0" location="/Users/michaelazerhad/.ivy2/cache/org.springframework.data/spring-data-neo4j/ivy-2.2.0.RELEASE.xml" searched="false" origin-is-local="false" origin-location="https://repo.springsource.org/libs-release/org/springframework/data/spring-data-neo4j/2.2.0.RELEASE/spring-data-neo4j-2.2.0.RELEASE.pom"/>
				<caller organisation="com.example" name="testconverter_2.10" conf="test-internal, test, optional, compile, provided, runtime" rev="2.2.0.RELEASE" rev-constraint-default="2.2.0.RELEASE" rev-constraint-dynamic="2.2.0.RELEASE" callerrev="1.0-SNAPSHOT"/>
				<artifacts>
					<artifact name="spring-data-neo4j" type="jar" ext="jar" status="no" details="" size="525425" time="0" location="/Users/michaelazerhad/.ivy2/cache/org.springframework.data/spring-data-neo4j/jars/spring-data-neo4j-2.2.0.RELEASE.jar">
						<origin-location is-local="false" location="https://repo.springsource.org/libs-release/org/springframework/data/spring-data-neo4j/2.2.0.RELEASE/spring-data-neo4j-2.2.0.RELEASE.jar"/>
					</artifact>
				</artifacts>
			</revision>
		</module>
		<module organisation="com.googlecode.concurrentlinkedhashmap" name="concurrentlinkedhashmap-lru">
			<revision name="1.3.1" status="release" pubdate="20130204205441" resolver="Spring Release Repository" artresolver="Spring Release Repository" homepage="http://code.google.com/p/concurrentlinkedhashmap" downloaded="false" searched="false" default="false" conf="compile, master(*), runtime, compile(*), runtime(*), master" position="32">
				<license name="The Apache Software License, Version 2.0" url="http://www.apache.org/licenses/LICENSE-2.0.txt"/>
				<metadata-artifact status="no" details="" size="4770" time="0" location="/Users/michaelazerhad/.ivy2/cache/com.googlecode.concurrentlinkedhashmap/concurrentlinkedhashmap-lru/ivy-1.3.1.xml" searched="false" origin-is-local="false" origin-location="https://repo.springsource.org/libs-release/com/googlecode/concurrentlinkedhashmap/concurrentlinkedhashmap-lru/1.3.1/concurrentlinkedhashmap-lru-1.3.1.pom"/>
				<caller organisation="org.neo4j" name="neo4j-cypher" conf="compile, runtime" rev="1.3.1" rev-constraint-default="1.3.1" rev-constraint-dynamic="1.3.1" callerrev="1.9.M05"/>
				<artifacts>
					<artifact name="concurrentlinkedhashmap-lru" type="jar" ext="jar" status="no" details="" size="54436" time="0" location="/Users/michaelazerhad/.ivy2/cache/com.googlecode.concurrentlinkedhashmap/concurrentlinkedhashmap-lru/jars/concurrentlinkedhashmap-lru-1.3.1.jar">
						<origin-location is-local="false" location="https://repo.springsource.org/libs-release/com/googlecode/concurrentlinkedhashmap/concurrentlinkedhashmap-lru/1.3.1/concurrentlinkedhashmap-lru-1.3.1.jar"/>
					</artifact>
				</artifacts>
			</revision>
		</module>
		<module organisation="org.neo4j" name="neo4j-cypher-dsl">
			<revision name="1.9.M04" status="release" pubdate="20130206164513" resolver="Neo4j Cypher DSL Repository" artresolver="Neo4j Cypher DSL Repository" homepage="http://components.neo4j.org/${project.artifactId}/${project.version}" downloaded="false" searched="false" default="false" conf="compile, master(*), runtime, compile(*), runtime(*), master" position="22">
				<license name="GNU General Public License, Version 3" url="http://www.gnu.org/licenses/gpl-3.0-standalone.html"/>
				<metadata-artifact status="no" details="" size="14934" time="0" location="/Users/michaelazerhad/.ivy2/cache/org.neo4j/neo4j-cypher-dsl/ivy-1.9.M04.xml" searched="false" origin-is-local="false" origin-location="http://m2.neo4j.org/content/repositories/releases/org/neo4j/neo4j-cypher-dsl/1.9.M04/neo4j-cypher-dsl-1.9.M04.pom"/>
				<caller organisation="org.springframework.data" name="spring-data-neo4j" conf="default, compile, runtime, master" rev="1.9.M04" rev-constraint-default="1.9.M04" rev-constraint-dynamic="1.9.M04" callerrev="2.2.0.RELEASE"/>
				<artifacts>
					<artifact name="neo4j-cypher-dsl" type="jar" ext="jar" status="no" details="" size="89870" time="0" location="/Users/michaelazerhad/.ivy2/cache/org.neo4j/neo4j-cypher-dsl/jars/neo4j-cypher-dsl-1.9.M04.jar">
						<origin-location is-local="false" location="http://m2.neo4j.org/content/repositories/releases/org/neo4j/neo4j-cypher-dsl/1.9.M04/neo4j-cypher-dsl-1.9.M04.jar"/>
					</artifact>
				</artifacts>
			</revision>
		</module>
		<module organisation="org.springframework.data" name="spring-data-commons">
			<revision name="1.5.0.RELEASE" status="release" pubdate="20130207192804" resolver="Spring Release Repository" artresolver="Spring Release Repository" homepage="" downloaded="false" searched="false" default="false" conf="compile, master(*), runtime, compile(*), runtime(*), master" position="20">
				<metadata-artifact status="no" details="" size="8790" time="0" location="/Users/michaelazerhad/.ivy2/cache/org.springframework.data/spring-data-commons/ivy-1.5.0.RELEASE.xml" searched="false" origin-is-local="false" origin-location="https://repo.springsource.org/libs-release/org/springframework/data/spring-data-commons/1.5.0.RELEASE/spring-data-commons-1.5.0.RELEASE.pom"/>
				<caller organisation="org.springframework.data" name="spring-data-neo4j" conf="default, compile, runtime, master" rev="1.5.0.RELEASE" rev-constraint-default="1.5.0.RELEASE" rev-constraint-dynamic="1.5.0.RELEASE" callerrev="2.2.0.RELEASE"/>
				<artifacts>
					<artifact name="spring-data-commons" type="jar" ext="jar" status="no" details="" size="318723" time="0" location="/Users/michaelazerhad/.ivy2/cache/org.springframework.data/spring-data-commons/jars/spring-data-commons-1.5.0.RELEASE.jar">
						<origin-location is-local="false" location="https://repo.springsource.org/libs-release/org/springframework/data/spring-data-commons/1.5.0.RELEASE/spring-data-commons-1.5.0.RELEASE.jar"/>
					</artifact>
				</artifacts>
			</revision>
		</module>
		<module organisation="org.slf4j" name="jcl-over-slf4j">
			<revision name="1.7.1" status="release" pubdate="20120918121326" resolver="Spring Release Repository" artresolver="Spring Release Repository" homepage="http://www.slf4j.org" downloaded="false" searched="false" default="false" conf="compile, master(*), runtime, compile(*), runtime(*), master" position="34">
				<metadata-artifact status="no" details="" size="4633" time="0" location="/Users/michaelazerhad/.ivy2/cache/org.slf4j/jcl-over-slf4j/ivy-1.7.1.xml" searched="false" origin-is-local="false" origin-location="https://repo.springsource.org/libs-release/org/slf4j/jcl-over-slf4j/1.7.1/jcl-over-slf4j-1.7.1.pom"/>
				<caller organisation="org.springframework.data" name="spring-data-commons" conf="compile, runtime" rev="1.7.1" rev-constraint-default="1.7.1" rev-constraint-dynamic="1.7.1" callerrev="1.5.0.RELEASE"/>
				<caller organisation="org.springframework.data" name="spring-data-neo4j" conf="default, compile, runtime, master" rev="1.7.1" rev-constraint-default="1.7.1" rev-constraint-dynamic="1.7.1" callerrev="2.2.0.RELEASE"/>
				<artifacts>
					<artifact name="jcl-over-slf4j" type="jar" ext="jar" status="no" details="" size="16458" time="0" location="/Users/michaelazerhad/.ivy2/cache/org.slf4j/jcl-over-slf4j/jars/jcl-over-slf4j-1.7.1.jar">
						<origin-location is-local="false" location="https://repo.springsource.org/libs-release/org/slf4j/jcl-over-slf4j/1.7.1/jcl-over-slf4j-1.7.1.jar"/>
					</artifact>
				</artifacts>
			</revision>
		</module>
		<module organisation="org.slf4j" name="slf4j-api">
			<revision name="1.7.1" status="release" pubdate="20120918121323" resolver="Spring Release Repository" artresolver="Spring Release Repository" homepage="http://www.slf4j.org" downloaded="false" searched="false" default="false" conf="compile, master(*), runtime, compile(*), runtime(*), master" position="21">
				<metadata-artifact status="no" details="" size="4469" time="0" location="/Users/michaelazerhad/.ivy2/cache/org.slf4j/slf4j-api/ivy-1.7.1.xml" searched="false" origin-is-local="false" origin-location="https://repo.springsource.org/libs-release/org/slf4j/slf4j-api/1.7.1/slf4j-api-1.7.1.pom"/>
				<caller organisation="org.springframework.data" name="spring-data-commons" conf="compile, runtime" rev="1.7.1" rev-constraint-default="1.7.1" rev-constraint-dynamic="1.7.1" callerrev="1.5.0.RELEASE"/>
				<caller organisation="org.springframework.data" name="spring-data-neo4j" conf="default, compile, runtime, master" rev="1.7.1" rev-constraint-default="1.7.1" rev-constraint-dynamic="1.7.1" callerrev="2.2.0.RELEASE"/>
				<caller organisation="org.slf4j" name="jcl-over-slf4j" conf="compile, runtime" rev="1.7.1" rev-constraint-default="1.7.1" rev-constraint-dynamic="1.7.1" callerrev="1.7.1"/>
				<artifacts>
					<artifact name="slf4j-api" type="jar" ext="jar" status="no" details="" size="26065" time="0" location="/Users/michaelazerhad/.ivy2/cache/org.slf4j/slf4j-api/jars/slf4j-api-1.7.1.jar">
						<origin-location is-local="false" location="https://repo.springsource.org/libs-release/org/slf4j/slf4j-api/1.7.1/slf4j-api-1.7.1.jar"/>
					</artifact>
				</artifacts>
			</revision>
		</module>
		<module organisation="org.aspectj" name="aspectjrt">
			<revision name="1.7.1" status="release" pubdate="20121003144935" resolver="Spring Release Repository" artresolver="Spring Release Repository" homepage="http://www.aspectj.org" downloaded="false" searched="false" default="false" conf="compile, master(*), runtime, compile(*), runtime(*), master" position="19">
				<license name="Eclipse Public License - v 1.0" url="http://www.eclipse.org/legal/epl-v10.html"/>
				<metadata-artifact status="no" details="" size="2383" time="0" location="/Users/michaelazerhad/.ivy2/cache/org.aspectj/aspectjrt/ivy-1.7.1.xml" searched="false" origin-is-local="false" origin-location="https://repo.springsource.org/libs-release/org/aspectj/aspectjrt/1.7.1/aspectjrt-1.7.1.pom"/>
				<caller organisation="org.springframework.data" name="spring-data-neo4j" conf="default, compile, runtime, master" rev="1.7.1" rev-constraint-default="1.7.1" rev-constraint-dynamic="1.7.1" callerrev="2.2.0.RELEASE"/>
				<artifacts>
					<artifact name="aspectjrt" type="jar" ext="jar" status="no" details="" size="116218" time="0" location="/Users/michaelazerhad/.ivy2/cache/org.aspectj/aspectjrt/jars/aspectjrt-1.7.1.jar">
						<origin-location is-local="false" location="https://repo.springsource.org/libs-release/org/aspectj/aspectjrt/1.7.1/aspectjrt-1.7.1.jar"/>
					</artifact>
				</artifacts>
			</revision>
		</module>
		<module organisation="org.springframework" name="spring-test">
			<revision name="3.2.0.RELEASE" status="release" pubdate="20121213184312" resolver="Spring Release Repository" artresolver="Spring Release Repository" homepage="https://github.com/SpringSource/spring-framework" downloaded="false" searched="false" default="false" conf="default(compile), default, compile, runtime, master" position="15">
				<license name="The Apache Software License, Version 2.0" url="http://www.apache.org/licenses/LICENSE-2.0.txt"/>
				<metadata-artifact status="no" details="" size="5395" time="0" location="/Users/michaelazerhad/.ivy2/cache/org.springframework/spring-test/ivy-3.2.0.RELEASE.xml" searched="false" origin-is-local="false" origin-location="https://repo.springsource.org/libs-release/org/springframework/spring-test/3.2.0.RELEASE/spring-test-3.2.0.RELEASE.pom"/>
				<caller organisation="com.example" name="testconverter_2.10" conf="test-internal, test, optional, compile, provided, runtime" rev="3.2.0.RELEASE" rev-constraint-default="3.2.0.RELEASE" rev-constraint-dynamic="3.2.0.RELEASE" callerrev="1.0-SNAPSHOT"/>
				<artifacts>
					<artifact name="spring-test" type="jar" ext="jar" status="no" details="" size="451556" time="0" location="/Users/michaelazerhad/.ivy2/cache/org.springframework/spring-test/jars/spring-test-3.2.0.RELEASE.jar">
						<origin-location is-local="false" location="https://repo.springsource.org/libs-release/org/springframework/spring-test/3.2.0.RELEASE/spring-test-3.2.0.RELEASE.jar"/>
					</artifact>
				</artifacts>
			</revision>
		</module>
		<module organisation="org.springframework" name="spring-webmvc">
			<revision name="3.2.0.RELEASE" status="release" pubdate="20121213184306" resolver="Spring Release Repository" artresolver="Spring Release Repository" homepage="https://github.com/SpringSource/spring-framework" downloaded="false" searched="false" default="false" conf="compile, master(*), runtime, compile(*), runtime(*), master" position="16">
				<license name="The Apache Software License, Version 2.0" url="http://www.apache.org/licenses/LICENSE-2.0.txt"/>
				<metadata-artifact status="no" details="" size="7011" time="0" location="/Users/michaelazerhad/.ivy2/cache/org.springframework/spring-webmvc/ivy-3.2.0.RELEASE.xml" searched="false" origin-is-local="false" origin-location="https://repo.springsource.org/libs-release/org/springframework/spring-webmvc/3.2.0.RELEASE/spring-webmvc-3.2.0.RELEASE.pom"/>
				<caller organisation="org.springframework" name="spring-test" conf="default, compile, runtime, master" rev="3.2.0.RELEASE" rev-constraint-default="3.2.0.RELEASE" rev-constraint-dynamic="3.2.0.RELEASE" callerrev="3.2.0.RELEASE"/>
				<artifacts>
					<artifact name="spring-webmvc" type="jar" ext="jar" status="no" details="" size="635936" time="0" location="/Users/michaelazerhad/.ivy2/cache/org.springframework/spring-webmvc/jars/spring-webmvc-3.2.0.RELEASE.jar">
						<origin-location is-local="false" location="https://repo.springsource.org/libs-release/org/springframework/spring-webmvc/3.2.0.RELEASE/spring-webmvc-3.2.0.RELEASE.jar"/>
					</artifact>
				</artifacts>
			</revision>
		</module>
		<module organisation="org.springframework.data" name="spring-data-commons-core">
			<revision name="1.4.0.RELEASE" status="release" pubdate="20121010130641" resolver="Spring Release Repository" artresolver="Spring Release Repository" homepage="" downloaded="false" searched="false" default="false" conf="default(compile), default, compile, runtime, master" position="11">
				<metadata-artifact status="no" details="" size="7334" time="0" location="/Users/michaelazerhad/.ivy2/cache/org.springframework.data/spring-data-commons-core/ivy-1.4.0.RELEASE.xml" searched="false" origin-is-local="false" origin-location="https://repo.springsource.org/libs-release/org/springframework/data/spring-data-commons-core/1.4.0.RELEASE/spring-data-commons-core-1.4.0.RELEASE.pom"/>
				<caller organisation="com.example" name="testconverter_2.10" conf="test-internal, test, optional, compile, provided, runtime" rev="1.4.0.RELEASE" rev-constraint-default="1.4.0.RELEASE" rev-constraint-dynamic="1.4.0.RELEASE" callerrev="1.0-SNAPSHOT"/>
				<artifacts>
					<artifact name="spring-data-commons-core" type="jar" ext="jar" status="no" details="" size="265010" time="0" location="/Users/michaelazerhad/.ivy2/cache/org.springframework.data/spring-data-commons-core/jars/spring-data-commons-core-1.4.0.RELEASE.jar">
						<origin-location is-local="false" location="https://repo.springsource.org/libs-release/org/springframework/data/spring-data-commons-core/1.4.0.RELEASE/spring-data-commons-core-1.4.0.RELEASE.jar"/>
					</artifact>
				</artifacts>
			</revision>
		</module>
		<module organisation="org.springframework" name="spring-aspects">
			<revision name="3.2.0.RELEASE" status="release" pubdate="20121213185027" resolver="Spring Release Repository" artresolver="Spring Release Repository" homepage="https://github.com/SpringSource/spring-framework" downloaded="false" searched="false" default="false" conf="default(compile), default, compile, runtime, master, master(*), compile(*), runtime(*)" position="6">
				<license name="The Apache Software License, Version 2.0" url="http://www.apache.org/licenses/LICENSE-2.0.txt"/>
				<metadata-artifact status="no" details="" size="3550" time="0" location="/Users/michaelazerhad/.ivy2/cache/org.springframework/spring-aspects/ivy-3.2.0.RELEASE.xml" searched="false" origin-is-local="false" origin-location="https://repo.springsource.org/libs-release/org/springframework/spring-aspects/3.2.0.RELEASE/spring-aspects-3.2.0.RELEASE.pom"/>
				<caller organisation="org.springframework.data" name="spring-data-neo4j" conf="default, compile, runtime, master" rev="3.1.4.RELEASE" rev-constraint-default="3.1.4.RELEASE" rev-constraint-dynamic="3.1.4.RELEASE" callerrev="2.2.0.RELEASE"/>
				<caller organisation="com.example" name="testconverter_2.10" conf="test-internal, test, optional, compile, provided, runtime" rev="3.2.0.RELEASE" rev-constraint-default="3.2.0.RELEASE" rev-constraint-dynamic="3.2.0.RELEASE" callerrev="1.0-SNAPSHOT"/>
				<artifacts>
					<artifact name="spring-aspects" type="jar" ext="jar" status="no" details="" size="69808" time="0" location="/Users/michaelazerhad/.ivy2/cache/org.springframework/spring-aspects/jars/spring-aspects-3.2.0.RELEASE.jar">
						<origin-location is-local="false" location="https://repo.springsource.org/libs-release/org/springframework/spring-aspects/3.2.0.RELEASE/spring-aspects-3.2.0.RELEASE.jar"/>
					</artifact>
				</artifacts>
			</revision>
			<revision name="3.1.4.RELEASE" evicted="latest-revision" evicted-reason="" downloaded="false" searched="false" conf="compile, master(*), runtime, compile(*), runtime(*), master" position="-1">
				<evicted-by rev="3.2.0.RELEASE"/>
				<caller organisation="org.springframework.data" name="spring-data-neo4j" conf="default, compile, runtime, master" rev="3.1.4.RELEASE" rev-constraint-default="3.1.4.RELEASE" rev-constraint-dynamic="3.1.4.RELEASE" callerrev="2.2.0.RELEASE"/>
				<artifacts>
				</artifacts>
			</revision>
		</module>
		<module organisation="org.springframework" name="spring-context-support">
			<revision name="3.2.0.RELEASE" status="release" pubdate="20121213185029" resolver="Spring Release Repository" artresolver="Spring Release Repository" homepage="https://github.com/SpringSource/spring-framework" downloaded="false" searched="false" default="false" conf="compile, master(*), runtime, compile(*), runtime(*), master" position="8">
				<license name="The Apache Software License, Version 2.0" url="http://www.apache.org/licenses/LICENSE-2.0.txt"/>
				<metadata-artifact status="no" details="" size="4472" time="0" location="/Users/michaelazerhad/.ivy2/cache/org.springframework/spring-context-support/ivy-3.2.0.RELEASE.xml" searched="false" origin-is-local="false" origin-location="https://repo.springsource.org/libs-release/org/springframework/spring-context-support/3.2.0.RELEASE/spring-context-support-3.2.0.RELEASE.pom"/>
				<caller organisation="org.springframework" name="spring-aspects" conf="default, compile, runtime, master" rev="3.2.0.RELEASE" rev-constraint-default="3.2.0.RELEASE" rev-constraint-dynamic="3.2.0.RELEASE" callerrev="3.2.0.RELEASE"/>
				<artifacts>
					<artifact name="spring-context-support" type="jar" ext="jar" status="no" details="" size="127093" time="0" location="/Users/michaelazerhad/.ivy2/cache/org.springframework/spring-context-support/jars/spring-context-support-3.2.0.RELEASE.jar">
						<origin-location is-local="false" location="https://repo.springsource.org/libs-release/org/springframework/spring-context-support/3.2.0.RELEASE/spring-context-support-3.2.0.RELEASE.jar"/>
					</artifact>
				</artifacts>
			</revision>
		</module>
		<module organisation="org.springframework" name="spring-orm">
			<revision name="3.2.0.RELEASE" status="release" pubdate="20121213174158" resolver="Spring Release Repository" artresolver="Spring Release Repository" homepage="https://github.com/SpringSource/spring-framework" downloaded="false" searched="false" default="false" conf="default(compile), default, compile, runtime, master" position="14">
				<license name="The Apache Software License, Version 2.0" url="http://www.apache.org/licenses/LICENSE-2.0.txt"/>
				<metadata-artifact status="no" details="" size="5254" time="0" location="/Users/michaelazerhad/.ivy2/cache/org.springframework/spring-orm/ivy-3.2.0.RELEASE.xml" searched="false" origin-is-local="false" origin-location="https://repo.springsource.org/libs-release/org/springframework/spring-orm/3.2.0.RELEASE/spring-orm-3.2.0.RELEASE.pom"/>
				<caller organisation="com.example" name="testconverter_2.10" conf="test-internal, test, optional, compile, provided, runtime" rev="3.2.0.RELEASE" rev-constraint-default="3.2.0.RELEASE" rev-constraint-dynamic="3.2.0.RELEASE" callerrev="1.0-SNAPSHOT"/>
				<artifacts>
					<artifact name="spring-orm" type="jar" ext="jar" status="no" details="" size="392189" time="0" location="/Users/michaelazerhad/.ivy2/cache/org.springframework/spring-orm/jars/spring-orm-3.2.0.RELEASE.jar">
						<origin-location is-local="false" location="https://repo.springsource.org/libs-release/org/springframework/spring-orm/3.2.0.RELEASE/spring-orm-3.2.0.RELEASE.jar"/>
					</artifact>
				</artifacts>
			</revision>
		</module>
		<module organisation="org.springframework" name="spring-web">
			<revision name="3.2.0.RELEASE" status="release" pubdate="20121213184314" resolver="Spring Release Repository" artresolver="Spring Release Repository" homepage="https://github.com/SpringSource/spring-framework" downloaded="false" searched="false" default="false" conf="compile, master(*), runtime, compile(*), runtime(*), master" position="17">
				<license name="The Apache Software License, Version 2.0" url="http://www.apache.org/licenses/LICENSE-2.0.txt"/>
				<metadata-artifact status="no" details="" size="6055" time="0" location="/Users/michaelazerhad/.ivy2/cache/org.springframework/spring-web/ivy-3.2.0.RELEASE.xml" searched="false" origin-is-local="false" origin-location="https://repo.springsource.org/libs-release/org/springframework/spring-web/3.2.0.RELEASE/spring-web-3.2.0.RELEASE.pom"/>
				<caller organisation="org.springframework" name="spring-webmvc" conf="compile, runtime" rev="3.2.0.RELEASE" rev-constraint-default="3.2.0.RELEASE" rev-constraint-dynamic="3.2.0.RELEASE" callerrev="3.2.0.RELEASE"/>
				<artifacts>
					<artifact name="spring-web" type="jar" ext="jar" status="no" details="" size="624327" time="0" location="/Users/michaelazerhad/.ivy2/cache/org.springframework/spring-web/jars/spring-web-3.2.0.RELEASE.jar">
						<origin-location is-local="false" location="https://repo.springsource.org/libs-release/org/springframework/spring-web/3.2.0.RELEASE/spring-web-3.2.0.RELEASE.jar"/>
					</artifact>
				</artifacts>
			</revision>
		</module>
		<module organisation="org.springframework" name="spring-jdbc">
			<revision name="3.2.0.RELEASE" status="release" pubdate="20121213174159" resolver="Spring Release Repository" artresolver="Spring Release Repository" homepage="https://github.com/SpringSource/spring-framework" downloaded="false" searched="false" default="false" conf="default(compile), default, compile, master(*), compile(*), runtime, runtime(*), master" position="12">
				<license name="The Apache Software License, Version 2.0" url="http://www.apache.org/licenses/LICENSE-2.0.txt"/>
				<metadata-artifact status="no" details="" size="3730" time="0" location="/Users/michaelazerhad/.ivy2/cache/org.springframework/spring-jdbc/ivy-3.2.0.RELEASE.xml" searched="false" origin-is-local="false" origin-location="https://repo.springsource.org/libs-release/org/springframework/spring-jdbc/3.2.0.RELEASE/spring-jdbc-3.2.0.RELEASE.pom"/>
				<caller organisation="org.springframework" name="spring-orm" conf="default, compile, runtime, master" rev="3.2.0.RELEASE" rev-constraint-default="3.2.0.RELEASE" rev-constraint-dynamic="3.2.0.RELEASE" callerrev="3.2.0.RELEASE"/>
				<caller organisation="com.example" name="testconverter_2.10" conf="test-internal, test, optional, compile, provided, runtime" rev="3.2.0.RELEASE" rev-constraint-default="3.2.0.RELEASE" rev-constraint-dynamic="3.2.0.RELEASE" callerrev="1.0-SNAPSHOT"/>
				<artifacts>
					<artifact name="spring-jdbc" type="jar" ext="jar" status="no" details="" size="400949" time="0" location="/Users/michaelazerhad/.ivy2/cache/org.springframework/spring-jdbc/jars/spring-jdbc-3.2.0.RELEASE.jar">
						<origin-location is-local="false" location="https://repo.springsource.org/libs-release/org/springframework/spring-jdbc/3.2.0.RELEASE/spring-jdbc-3.2.0.RELEASE.jar"/>
					</artifact>
				</artifacts>
			</revision>
		</module>
		<module organisation="org.springframework" name="spring-tx">
			<revision name="3.2.0.RELEASE" status="release" pubdate="20121213174158" resolver="Spring Release Repository" artresolver="Spring Release Repository" homepage="https://github.com/SpringSource/spring-framework" downloaded="false" searched="false" default="false" conf="default(compile), default, compile, master(*), runtime, compile(*), runtime(*), master" position="13">
				<license name="The Apache Software License, Version 2.0" url="http://www.apache.org/licenses/LICENSE-2.0.txt"/>
				<metadata-artifact status="no" details="" size="3645" time="0" location="/Users/michaelazerhad/.ivy2/cache/org.springframework/spring-tx/ivy-3.2.0.RELEASE.xml" searched="false" origin-is-local="false" origin-location="https://repo.springsource.org/libs-release/org/springframework/spring-tx/3.2.0.RELEASE/spring-tx-3.2.0.RELEASE.pom"/>
				<caller organisation="org.springframework" name="spring-orm" conf="default, compile, runtime, master" rev="3.2.0.RELEASE" rev-constraint-default="3.2.0.RELEASE" rev-constraint-dynamic="3.2.0.RELEASE" callerrev="3.2.0.RELEASE"/>
				<caller organisation="org.springframework.data" name="spring-data-neo4j" conf="default, compile, runtime, master" rev="3.1.4.RELEASE" rev-constraint-default="3.1.4.RELEASE" rev-constraint-dynamic="3.1.4.RELEASE" callerrev="2.2.0.RELEASE"/>
				<caller organisation="org.springframework" name="spring-jdbc" conf="default, compile, runtime, master" rev="3.2.0.RELEASE" rev-constraint-default="3.2.0.RELEASE" rev-constraint-dynamic="3.2.0.RELEASE" callerrev="3.2.0.RELEASE"/>
				<caller organisation="com.example" name="testconverter_2.10" conf="test-internal, test, optional, compile, provided, runtime" rev="3.2.0.RELEASE" rev-constraint-default="3.2.0.RELEASE" rev-constraint-dynamic="3.2.0.RELEASE" callerrev="1.0-SNAPSHOT"/>
				<artifacts>
					<artifact name="spring-tx" type="jar" ext="jar" status="no" details="" size="240944" time="0" location="/Users/michaelazerhad/.ivy2/cache/org.springframework/spring-tx/jars/spring-tx-3.2.0.RELEASE.jar">
						<origin-location is-local="false" location="https://repo.springsource.org/libs-release/org/springframework/spring-tx/3.2.0.RELEASE/spring-tx-3.2.0.RELEASE.jar"/>
					</artifact>
				</artifacts>
			</revision>
			<revision name="3.1.4.RELEASE" evicted="latest-revision" evicted-reason="" downloaded="false" searched="false" conf="compile, master(*), runtime, compile(*), runtime(*), master" position="-1">
				<evicted-by rev="3.2.0.RELEASE"/>
				<caller organisation="org.springframework.data" name="spring-data-neo4j" conf="default, compile, runtime, master" rev="3.1.4.RELEASE" rev-constraint-default="3.1.4.RELEASE" rev-constraint-dynamic="3.1.4.RELEASE" callerrev="2.2.0.RELEASE"/>
				<artifacts>
				</artifacts>
			</revision>
		</module>
		<module organisation="org.springframework" name="spring-context">
			<revision name="3.2.0.RELEASE" status="release" pubdate="20121213174201" resolver="Spring Release Repository" artresolver="Spring Release Repository" homepage="https://github.com/SpringSource/spring-framework" downloaded="false" searched="false" default="false" conf="compile, master(*), runtime, compile(*), runtime(*), master" position="9">
				<license name="The Apache Software License, Version 2.0" url="http://www.apache.org/licenses/LICENSE-2.0.txt"/>
				<metadata-artifact status="no" details="" size="4896" time="0" location="/Users/michaelazerhad/.ivy2/cache/org.springframework/spring-context/ivy-3.2.0.RELEASE.xml" searched="false" origin-is-local="false" origin-location="https://repo.springsource.org/libs-release/org/springframework/spring-context/3.2.0.RELEASE/spring-context-3.2.0.RELEASE.pom"/>
				<caller organisation="org.springframework" name="spring-context-support" conf="compile, runtime" rev="3.2.0.RELEASE" rev-constraint-default="3.2.0.RELEASE" rev-constraint-dynamic="3.2.0.RELEASE" callerrev="3.2.0.RELEASE"/>
				<caller organisation="org.springframework.data" name="spring-data-neo4j" conf="default, compile, runtime, master" rev="3.1.4.RELEASE" rev-constraint-default="3.1.4.RELEASE" rev-constraint-dynamic="3.1.4.RELEASE" callerrev="2.2.0.RELEASE"/>
				<caller organisation="org.springframework" name="spring-web" conf="compile, runtime" rev="3.2.0.RELEASE" rev-constraint-default="3.2.0.RELEASE" rev-constraint-dynamic="3.2.0.RELEASE" callerrev="3.2.0.RELEASE"/>
				<caller organisation="org.springframework" name="spring-webmvc" conf="compile, runtime" rev="3.2.0.RELEASE" rev-constraint-default="3.2.0.RELEASE" rev-constraint-dynamic="3.2.0.RELEASE" callerrev="3.2.0.RELEASE"/>
				<artifacts>
					<artifact name="spring-context" type="jar" ext="jar" status="no" details="" size="854027" time="0" location="/Users/michaelazerhad/.ivy2/cache/org.springframework/spring-context/jars/spring-context-3.2.0.RELEASE.jar">
						<origin-location is-local="false" location="https://repo.springsource.org/libs-release/org/springframework/spring-context/3.2.0.RELEASE/spring-context-3.2.0.RELEASE.jar"/>
					</artifact>
				</artifacts>
			</revision>
			<revision name="3.1.4.RELEASE" evicted="latest-revision" evicted-reason="" downloaded="false" searched="false" conf="compile, master(*), runtime, compile(*), runtime(*), master" position="-1">
				<evicted-by rev="3.2.0.RELEASE"/>
				<caller organisation="org.springframework.data" name="spring-data-neo4j" conf="default, compile, runtime, master" rev="3.1.4.RELEASE" rev-constraint-default="3.1.4.RELEASE" rev-constraint-dynamic="3.1.4.RELEASE" callerrev="2.2.0.RELEASE"/>
				<artifacts>
				</artifacts>
			</revision>
		</module>
		<module organisation="org.springframework" name="spring-expression">
			<revision name="3.2.0.RELEASE" status="release" pubdate="20121213174204" resolver="Spring Release Repository" artresolver="Spring Release Repository" homepage="https://github.com/SpringSource/spring-framework" downloaded="false" searched="false" default="false" conf="default(compile), default, compile, master(*), runtime, compile(*), runtime(*), master" position="10">
				<license name="The Apache Software License, Version 2.0" url="http://www.apache.org/licenses/LICENSE-2.0.txt"/>
				<metadata-artifact status="no" details="" size="2620" time="0" location="/Users/michaelazerhad/.ivy2/cache/org.springframework/spring-expression/ivy-3.2.0.RELEASE.xml" searched="false" origin-is-local="false" origin-location="https://repo.springsource.org/libs-release/org/springframework/spring-expression/3.2.0.RELEASE/spring-expression-3.2.0.RELEASE.pom"/>
				<caller organisation="org.springframework" name="spring-context" conf="compile, runtime" rev="3.2.0.RELEASE" rev-constraint-default="3.2.0.RELEASE" rev-constraint-dynamic="3.2.0.RELEASE" callerrev="3.2.0.RELEASE"/>
				<caller organisation="org.springframework.data" name="spring-data-neo4j" conf="default, compile, runtime, master" rev="3.1.4.RELEASE" rev-constraint-default="3.1.4.RELEASE" rev-constraint-dynamic="3.1.4.RELEASE" callerrev="2.2.0.RELEASE"/>
				<caller organisation="com.example" name="testconverter_2.10" conf="test-internal, test, optional, compile, provided, runtime" rev="3.2.0.RELEASE" rev-constraint-default="3.2.0.RELEASE" rev-constraint-dynamic="3.2.0.RELEASE" callerrev="1.0-SNAPSHOT"/>
				<caller organisation="org.springframework" name="spring-webmvc" conf="compile, runtime" rev="3.2.0.RELEASE" rev-constraint-default="3.2.0.RELEASE" rev-constraint-dynamic="3.2.0.RELEASE" callerrev="3.2.0.RELEASE"/>
				<artifacts>
					<artifact name="spring-expression" type="jar" ext="jar" status="no" details="" size="193790" time="0" location="/Users/michaelazerhad/.ivy2/cache/org.springframework/spring-expression/jars/spring-expression-3.2.0.RELEASE.jar">
						<origin-location is-local="false" location="https://repo.springsource.org/libs-release/org/springframework/spring-expression/3.2.0.RELEASE/spring-expression-3.2.0.RELEASE.jar"/>
					</artifact>
				</artifacts>
			</revision>
			<revision name="3.1.4.RELEASE" evicted="latest-revision" evicted-reason="" downloaded="false" searched="false" conf="compile, master(*), runtime, compile(*), runtime(*), master" position="-1">
				<evicted-by rev="3.2.0.RELEASE"/>
				<caller organisation="org.springframework.data" name="spring-data-neo4j" conf="default, compile, runtime, master" rev="3.1.4.RELEASE" rev-constraint-default="3.1.4.RELEASE" rev-constraint-dynamic="3.1.4.RELEASE" callerrev="2.2.0.RELEASE"/>
				<artifacts>
				</artifacts>
			</revision>
		</module>
		<module organisation="javax.validation" name="validation-api">
			<revision name="1.0.0.GA" status="release" pubdate="20120112201120" resolver="Spring Release Repository" artresolver="Spring Release Repository" homepage="" downloaded="false" searched="false" default="false" conf="default(compile), default, compile, runtime, master" position="36">
				<license name="Apache License, Version 2.0" url="license.txt"/>
				<metadata-artifact status="no" details="" size="2323" time="0" location="/Users/michaelazerhad/.ivy2/cache/javax.validation/validation-api/ivy-1.0.0.GA.xml" searched="false" origin-is-local="false" origin-location="https://repo.springsource.org/libs-release/javax/validation/validation-api/1.0.0.GA/validation-api-1.0.0.GA.pom"/>
				<caller organisation="com.example" name="testconverter_2.10" conf="test-internal, test, optional, compile, provided, runtime" rev="1.0.0.GA" rev-constraint-default="1.0.0.GA" rev-constraint-dynamic="1.0.0.GA" callerrev="1.0-SNAPSHOT"/>
				<artifacts>
					<artifact name="validation-api" type="jar" ext="jar" status="no" details="" size="47433" time="0" location="/Users/michaelazerhad/.ivy2/cache/javax.validation/validation-api/jars/validation-api-1.0.0.GA.jar">
						<origin-location is-local="false" location="https://repo.springsource.org/libs-release/javax/validation/validation-api/1.0.0.GA/validation-api-1.0.0.GA.jar"/>
					</artifact>
				</artifacts>
			</revision>
		</module>
		<module organisation="org.springframework" name="spring-aop">
			<revision name="3.2.0.RELEASE" status="release" pubdate="20121213174203" resolver="Spring Release Repository" artresolver="Spring Release Repository" homepage="https://github.com/SpringSource/spring-framework" downloaded="false" searched="false" default="false" conf="default(compile), default, compile, master(*), compile(*), runtime, runtime(*), master" position="1">
				<license name="The Apache Software License, Version 2.0" url="http://www.apache.org/licenses/LICENSE-2.0.txt"/>
				<metadata-artifact status="no" details="" size="3213" time="0" location="/Users/michaelazerhad/.ivy2/cache/org.springframework/spring-aop/ivy-3.2.0.RELEASE.xml" searched="false" origin-is-local="false" origin-location="https://repo.springsource.org/libs-release/org/springframework/spring-aop/3.2.0.RELEASE/spring-aop-3.2.0.RELEASE.pom"/>
				<caller organisation="org.springframework" name="spring-context" conf="compile, runtime" rev="3.2.0.RELEASE" rev-constraint-default="3.2.0.RELEASE" rev-constraint-dynamic="3.2.0.RELEASE" callerrev="3.2.0.RELEASE"/>
				<caller organisation="org.springframework" name="spring-web" conf="compile, runtime" rev="3.2.0.RELEASE" rev-constraint-default="3.2.0.RELEASE" rev-constraint-dynamic="3.2.0.RELEASE" callerrev="3.2.0.RELEASE"/>
				<caller organisation="com.example" name="testconverter_2.10" conf="test-internal, test, optional, compile, provided, runtime" rev="3.2.0.RELEASE" rev-constraint-default="3.2.0.RELEASE" rev-constraint-dynamic="3.2.0.RELEASE" callerrev="1.0-SNAPSHOT"/>
				<artifacts>
					<artifact name="spring-aop" type="jar" ext="jar" status="no" details="" size="334895" time="0" location="/Users/michaelazerhad/.ivy2/cache/org.springframework/spring-aop/jars/spring-aop-3.2.0.RELEASE.jar">
						<origin-location is-local="false" location="https://repo.springsource.org/libs-release/org/springframework/spring-aop/3.2.0.RELEASE/spring-aop-3.2.0.RELEASE.jar"/>
					</artifact>
				</artifacts>
			</revision>
		</module>
		<module organisation="org.springframework" name="spring-beans">
			<revision name="3.2.0.RELEASE" status="release" pubdate="20121213174155" resolver="Spring Release Repository" artresolver="Spring Release Repository" homepage="https://github.com/SpringSource/spring-framework" downloaded="false" searched="false" default="false" conf="default(compile), default, compile, master(*), runtime, compile(*), runtime(*), master" position="5">
				<license name="The Apache Software License, Version 2.0" url="http://www.apache.org/licenses/LICENSE-2.0.txt"/>
				<metadata-artifact status="no" details="" size="2855" time="0" location="/Users/michaelazerhad/.ivy2/cache/org.springframework/spring-beans/ivy-3.2.0.RELEASE.xml" searched="false" origin-is-local="false" origin-location="https://repo.springsource.org/libs-release/org/springframework/spring-beans/3.2.0.RELEASE/spring-beans-3.2.0.RELEASE.pom"/>
				<caller organisation="org.springframework.data" name="spring-data-commons-core" conf="default, compile, runtime, master" rev="3.1.2.RELEASE" rev-constraint-default="3.1.2.RELEASE" rev-constraint-dynamic="3.1.2.RELEASE" callerrev="1.4.0.RELEASE"/>
				<caller organisation="org.springframework.data" name="spring-data-commons" conf="compile, runtime" rev="3.1.4.RELEASE" rev-constraint-default="3.1.4.RELEASE" rev-constraint-dynamic="3.1.4.RELEASE" callerrev="1.5.0.RELEASE"/>
				<caller organisation="org.springframework" name="spring-orm" conf="default, compile, runtime, master" rev="3.2.0.RELEASE" rev-constraint-default="3.2.0.RELEASE" rev-constraint-dynamic="3.2.0.RELEASE" callerrev="3.2.0.RELEASE"/>
				<caller organisation="org.springframework" name="spring-context-support" conf="compile, runtime" rev="3.2.0.RELEASE" rev-constraint-default="3.2.0.RELEASE" rev-constraint-dynamic="3.2.0.RELEASE" callerrev="3.2.0.RELEASE"/>
				<caller organisation="org.springframework" name="spring-context" conf="compile, runtime" rev="3.2.0.RELEASE" rev-constraint-default="3.2.0.RELEASE" rev-constraint-dynamic="3.2.0.RELEASE" callerrev="3.2.0.RELEASE"/>
				<caller organisation="org.springframework" name="spring-aop" conf="default, compile, runtime, master" rev="3.2.0.RELEASE" rev-constraint-default="3.2.0.RELEASE" rev-constraint-dynamic="3.2.0.RELEASE" callerrev="3.2.0.RELEASE"/>
				<caller organisation="org.springframework.data" name="spring-data-neo4j" conf="default, compile, runtime, master" rev="3.1.4.RELEASE" rev-constraint-default="3.1.4.RELEASE" rev-constraint-dynamic="3.1.4.RELEASE" callerrev="2.2.0.RELEASE"/>
				<caller organisation="org.springframework" name="spring-tx" conf="compile, runtime" rev="3.2.0.RELEASE" rev-constraint-default="3.2.0.RELEASE" rev-constraint-dynamic="3.2.0.RELEASE" callerrev="3.2.0.RELEASE"/>
				<caller organisation="org.springframework" name="spring-jdbc" conf="default, compile, runtime, master" rev="3.2.0.RELEASE" rev-constraint-default="3.2.0.RELEASE" rev-constraint-dynamic="3.2.0.RELEASE" callerrev="3.2.0.RELEASE"/>
				<caller organisation="org.springframework" name="spring-web" conf="compile, runtime" rev="3.2.0.RELEASE" rev-constraint-default="3.2.0.RELEASE" rev-constraint-dynamic="3.2.0.RELEASE" callerrev="3.2.0.RELEASE"/>
				<caller organisation="com.example" name="testconverter_2.10" conf="test-internal, test, optional, compile, provided, runtime" rev="3.2.0.RELEASE" rev-constraint-default="3.2.0.RELEASE" rev-constraint-dynamic="3.2.0.RELEASE" callerrev="1.0-SNAPSHOT"/>
				<caller organisation="org.springframework" name="spring-webmvc" conf="compile, runtime" rev="3.2.0.RELEASE" rev-constraint-default="3.2.0.RELEASE" rev-constraint-dynamic="3.2.0.RELEASE" callerrev="3.2.0.RELEASE"/>
				<artifacts>
					<artifact name="spring-beans" type="jar" ext="jar" status="no" details="" size="604742" time="0" location="/Users/michaelazerhad/.ivy2/cache/org.springframework/spring-beans/jars/spring-beans-3.2.0.RELEASE.jar">
						<origin-location is-local="false" location="https://repo.springsource.org/libs-release/org/springframework/spring-beans/3.2.0.RELEASE/spring-beans-3.2.0.RELEASE.jar"/>
					</artifact>
				</artifacts>
			</revision>
			<revision name="3.1.4.RELEASE" evicted="latest-revision" evicted-reason="" downloaded="false" searched="false" conf="compile, master(*), runtime, compile(*), runtime(*), master" position="-1">
				<evicted-by rev="3.2.0.RELEASE"/>
				<caller organisation="org.springframework.data" name="spring-data-commons" conf="compile, runtime" rev="3.1.4.RELEASE" rev-constraint-default="3.1.4.RELEASE" rev-constraint-dynamic="3.1.4.RELEASE" callerrev="1.5.0.RELEASE"/>
				<caller organisation="org.springframework.data" name="spring-data-neo4j" conf="default, compile, runtime, master" rev="3.1.4.RELEASE" rev-constraint-default="3.1.4.RELEASE" rev-constraint-dynamic="3.1.4.RELEASE" callerrev="2.2.0.RELEASE"/>
				<artifacts>
				</artifacts>
			</revision>
			<revision name="3.1.2.RELEASE" evicted="latest-revision" evicted-reason="" downloaded="false" searched="false" conf="compile, master(*), runtime, compile(*), runtime(*), master" position="-1">
				<evicted-by rev="3.2.0.RELEASE"/>
				<caller organisation="org.springframework.data" name="spring-data-commons-core" conf="default, compile, runtime, master" rev="3.1.2.RELEASE" rev-constraint-default="3.1.2.RELEASE" rev-constraint-dynamic="3.1.2.RELEASE" callerrev="1.4.0.RELEASE"/>
				<artifacts>
				</artifacts>
			</revision>
		</module>
		<module organisation="org.springframework" name="spring-core">
			<revision name="3.2.0.RELEASE" status="release" pubdate="20121213174156" resolver="Spring Release Repository" artresolver="Spring Release Repository" homepage="https://github.com/SpringSource/spring-framework" downloaded="false" searched="false" default="false" conf="compile, master(*), runtime, compile(*), runtime(*), master" position="3">
				<license name="The Apache Software License, Version 2.0" url="http://www.apache.org/licenses/LICENSE-2.0.txt"/>
				<metadata-artifact status="no" details="" size="2922" time="0" location="/Users/michaelazerhad/.ivy2/cache/org.springframework/spring-core/ivy-3.2.0.RELEASE.xml" searched="false" origin-is-local="false" origin-location="https://repo.springsource.org/libs-release/org/springframework/spring-core/3.2.0.RELEASE/spring-core-3.2.0.RELEASE.pom"/>
				<caller organisation="org.springframework.data" name="spring-data-commons" conf="compile, runtime" rev="3.1.4.RELEASE" rev-constraint-default="3.1.4.RELEASE" rev-constraint-dynamic="3.1.4.RELEASE" callerrev="1.5.0.RELEASE"/>
				<caller organisation="org.springframework" name="spring-context" conf="compile, runtime" rev="3.2.0.RELEASE" rev-constraint-default="3.2.0.RELEASE" rev-constraint-dynamic="3.2.0.RELEASE" callerrev="3.2.0.RELEASE"/>
				<caller organisation="org.springframework.data" name="spring-data-neo4j" conf="default, compile, runtime, master" rev="3.1.4.RELEASE" rev-constraint-default="3.1.4.RELEASE" rev-constraint-dynamic="3.1.4.RELEASE" callerrev="2.2.0.RELEASE"/>
				<caller organisation="org.springframework" name="spring-web" conf="compile, runtime" rev="3.2.0.RELEASE" rev-constraint-default="3.2.0.RELEASE" rev-constraint-dynamic="3.2.0.RELEASE" callerrev="3.2.0.RELEASE"/>
				<caller organisation="org.springframework" name="spring-beans" conf="compile, runtime" rev="3.2.0.RELEASE" rev-constraint-default="3.2.0.RELEASE" rev-constraint-dynamic="3.2.0.RELEASE" callerrev="3.2.0.RELEASE"/>
				<caller organisation="org.springframework.data" name="spring-data-commons-core" conf="default, compile, runtime, master" rev="3.1.2.RELEASE" rev-constraint-default="3.1.2.RELEASE" rev-constraint-dynamic="3.1.2.RELEASE" callerrev="1.4.0.RELEASE"/>
				<caller organisation="org.springframework" name="spring-context-support" conf="compile, runtime" rev="3.2.0.RELEASE" rev-constraint-default="3.2.0.RELEASE" rev-constraint-dynamic="3.2.0.RELEASE" callerrev="3.2.0.RELEASE"/>
				<caller organisation="org.springframework" name="spring-orm" conf="default, compile, runtime, master" rev="3.2.0.RELEASE" rev-constraint-default="3.2.0.RELEASE" rev-constraint-dynamic="3.2.0.RELEASE" callerrev="3.2.0.RELEASE"/>
				<caller organisation="org.springframework" name="spring-aop" conf="default, compile, runtime, master" rev="3.2.0.RELEASE" rev-constraint-default="3.2.0.RELEASE" rev-constraint-dynamic="3.2.0.RELEASE" callerrev="3.2.0.RELEASE"/>
				<caller organisation="org.springframework" name="spring-tx" conf="compile, runtime" rev="3.2.0.RELEASE" rev-constraint-default="3.2.0.RELEASE" rev-constraint-dynamic="3.2.0.RELEASE" callerrev="3.2.0.RELEASE"/>
				<caller organisation="org.springframework" name="spring-jdbc" conf="default, compile, runtime, master" rev="3.2.0.RELEASE" rev-constraint-default="3.2.0.RELEASE" rev-constraint-dynamic="3.2.0.RELEASE" callerrev="3.2.0.RELEASE"/>
				<caller organisation="org.springframework" name="spring-expression" conf="compile, runtime" rev="3.2.0.RELEASE" rev-constraint-default="3.2.0.RELEASE" rev-constraint-dynamic="3.2.0.RELEASE" callerrev="3.2.0.RELEASE"/>
				<caller organisation="org.springframework" name="spring-test" conf="default, compile, runtime, master" rev="3.2.0.RELEASE" rev-constraint-default="3.2.0.RELEASE" rev-constraint-dynamic="3.2.0.RELEASE" callerrev="3.2.0.RELEASE"/>
				<caller organisation="org.springframework" name="spring-webmvc" conf="compile, runtime" rev="3.2.0.RELEASE" rev-constraint-default="3.2.0.RELEASE" rev-constraint-dynamic="3.2.0.RELEASE" callerrev="3.2.0.RELEASE"/>
				<artifacts>
					<artifact name="spring-core" type="jar" ext="jar" status="no" details="" size="863065" time="0" location="/Users/michaelazerhad/.ivy2/cache/org.springframework/spring-core/jars/spring-core-3.2.0.RELEASE.jar">
						<origin-location is-local="false" location="https://repo.springsource.org/libs-release/org/springframework/spring-core/3.2.0.RELEASE/spring-core-3.2.0.RELEASE.jar"/>
					</artifact>
				</artifacts>
			</revision>
			<revision name="3.1.4.RELEASE" evicted="latest-revision" evicted-reason="" downloaded="false" searched="false" conf="compile, master(*), runtime, compile(*), runtime(*), master" position="-1">
				<evicted-by rev="3.2.0.RELEASE"/>
				<caller organisation="org.springframework.data" name="spring-data-commons" conf="compile, runtime" rev="3.1.4.RELEASE" rev-constraint-default="3.1.4.RELEASE" rev-constraint-dynamic="3.1.4.RELEASE" callerrev="1.5.0.RELEASE"/>
				<caller organisation="org.springframework.data" name="spring-data-neo4j" conf="default, compile, runtime, master" rev="3.1.4.RELEASE" rev-constraint-default="3.1.4.RELEASE" rev-constraint-dynamic="3.1.4.RELEASE" callerrev="2.2.0.RELEASE"/>
				<artifacts>
				</artifacts>
			</revision>
			<revision name="3.1.2.RELEASE" evicted="latest-revision" evicted-reason="" downloaded="false" searched="false" conf="compile, master(*), runtime, compile(*), runtime(*), master" position="-1">
				<evicted-by rev="3.2.0.RELEASE"/>
				<caller organisation="org.springframework.data" name="spring-data-commons-core" conf="default, compile, runtime, master" rev="3.1.2.RELEASE" rev-constraint-default="3.1.2.RELEASE" rev-constraint-dynamic="3.1.2.RELEASE" callerrev="1.4.0.RELEASE"/>
				<artifacts>
				</artifacts>
			</revision>
		</module>
		<module organisation="org.aspectj" name="aspectjweaver">
			<revision name="1.7.1" status="release" pubdate="20121102230554" resolver="Spring Release Repository" artresolver="Spring Release Repository" homepage="http://www.aspectj.org" downloaded="false" searched="false" default="false" conf="compile, master(*), runtime, compile(*), runtime(*), master" position="7">
				<license name="Eclipse Public License - v 1.0" url="http://www.eclipse.org/legal/epl-v10.html"/>
				<metadata-artifact status="no" details="" size="2391" time="0" location="/Users/michaelazerhad/.ivy2/cache/org.aspectj/aspectjweaver/ivy-1.7.1.xml" searched="false" origin-is-local="false" origin-location="https://repo.springsource.org/libs-release/org/aspectj/aspectjweaver/1.7.1/aspectjweaver-1.7.1.pom"/>
				<caller organisation="org.springframework" name="spring-aspects" conf="default, compile, runtime, master" rev="1.7.1" rev-constraint-default="1.7.1" rev-constraint-dynamic="1.7.1" callerrev="3.2.0.RELEASE"/>
				<artifacts>
					<artifact name="aspectjweaver" type="jar" ext="jar" status="no" details="" size="1791359" time="0" location="/Users/michaelazerhad/.ivy2/cache/org.aspectj/aspectjweaver/jars/aspectjweaver-1.7.1.jar">
						<origin-location is-local="false" location="https://repo.springsource.org/libs-release/org/aspectj/aspectjweaver/1.7.1/aspectjweaver-1.7.1.jar"/>
					</artifact>
				</artifacts>
			</revision>
		</module>
		<module organisation="commons-logging" name="commons-logging">
			<revision name="1.1.1" status="release" pubdate="20111109005614" resolver="Spring Release Repository" artresolver="Spring Release Repository" homepage="http://commons.apache.org/logging" downloaded="false" searched="false" default="false" conf="compile, master(*), runtime, compile(*), runtime(*), master" position="4">
				<metadata-artifact status="no" details="" size="3941" time="0" location="/Users/michaelazerhad/.ivy2/cache/commons-logging/commons-logging/ivy-1.1.1.xml" searched="false" origin-is-local="false" origin-location="https://repo.springsource.org/libs-release/commons-logging/commons-logging/1.1.1/commons-logging-1.1.1.pom"/>
				<caller organisation="org.springframework" name="spring-core" conf="compile, runtime" rev="1.1.1" rev-constraint-default="1.1.1" rev-constraint-dynamic="1.1.1" callerrev="3.2.0.RELEASE"/>
				<artifacts>
					<artifact name="commons-logging" type="jar" ext="jar" status="no" details="" size="60686" time="0" location="/Users/michaelazerhad/.ivy2/cache/commons-logging/commons-logging/jars/commons-logging-1.1.1.jar">
						<origin-location is-local="false" location="https://repo.springsource.org/libs-release/commons-logging/commons-logging/1.1.1/commons-logging-1.1.1.jar"/>
					</artifact>
				</artifacts>
			</revision>
		</module>
		<module organisation="aopalliance" name="aopalliance">
			<revision name="1.0" status="release" pubdate="20111109005605" resolver="Spring Release Repository" artresolver="Spring Release Repository" homepage="http://aopalliance.sourceforge.net" downloaded="false" searched="false" default="false" conf="compile, master(*), runtime, compile(*), runtime(*), master" position="2">
				<license name="Public Domain"/>
				<metadata-artifact status="no" details="" size="2291" time="0" location="/Users/michaelazerhad/.ivy2/cache/aopalliance/aopalliance/ivy-1.0.xml" searched="false" origin-is-local="false" origin-location="https://repo.springsource.org/libs-release/aopalliance/aopalliance/1.0/aopalliance-1.0.pom"/>
				<caller organisation="org.springframework" name="spring-orm" conf="default, compile, runtime, master" rev="1.0" rev-constraint-default="1.0" rev-constraint-dynamic="1.0" callerrev="3.2.0.RELEASE"/>
				<caller organisation="org.springframework" name="spring-aop" conf="default, compile, runtime, master" rev="1.0" rev-constraint-default="1.0" rev-constraint-dynamic="1.0" callerrev="3.2.0.RELEASE"/>
				<caller organisation="org.springframework" name="spring-tx" conf="compile, runtime" rev="1.0" rev-constraint-default="1.0" rev-constraint-dynamic="1.0" callerrev="3.2.0.RELEASE"/>
				<caller organisation="org.springframework" name="spring-web" conf="compile, runtime" rev="1.0" rev-constraint-default="1.0" rev-constraint-dynamic="1.0" callerrev="3.2.0.RELEASE"/>
				<artifacts>
					<artifact name="aopalliance" type="jar" ext="jar" status="no" details="" size="4467" time="0" location="/Users/michaelazerhad/.ivy2/cache/aopalliance/aopalliance/jars/aopalliance-1.0.jar">
						<origin-location is-local="false" location="https://repo.springsource.org/libs-release/aopalliance/aopalliance/1.0/aopalliance-1.0.jar"/>
					</artifact>
				</artifacts>
			</revision>
		</module>
		<module organisation="org.scala-lang" name="scala-library">
			<revision name="2.10.0" status="release" pubdate="20130123200804" resolver="Spring Release Repository" artresolver="Spring Release Repository" homepage="http://www.scala-lang.org/" downloaded="false" searched="false" default="false" conf="default(compile), default, compile, master(*), compile(*), runtime, runtime(*), master" position="0">
				<license name="BSD-like" url="http://www.scala-lang.org/downloads/license.html          "/>
				<metadata-artifact status="no" details="" size="2392" time="0" location="/Users/michaelazerhad/.ivy2/cache/org.scala-lang/scala-library/ivy-2.10.0.xml" searched="false" origin-is-local="false" origin-location="https://repo.springsource.org/libs-release/org/scala-lang/scala-library/2.10.0/scala-library-2.10.0.pom"/>
				<caller organisation="org.neo4j" name="neo4j-cypher" conf="compile, runtime" rev="2.10.0" rev-constraint-default="2.10.0" rev-constraint-dynamic="2.10.0" callerrev="1.9.M05"/>
				<caller organisation="com.example" name="testconverter_2.10" conf="test-internal, test, optional, compile, provided, runtime" rev="2.10.0" rev-constraint-default="2.10.0" rev-constraint-dynamic="2.10.0" callerrev="1.0-SNAPSHOT"/>
				<artifacts>
				</artifacts>
			</revision>
		</module>
	</dependencies>
</ivy-report>
